Performing C++ SOURCE FILE Test CMAKE_HAVE_LIBC_PTHREAD failed with the following output:
Change Dir: /home/yuri/Dropbox (Weizmann Institute)/dudi/palantir/CCL_CUDA/production_CMAKE/build/CMakeFiles/CMakeTmp

Run Build Command(s):/home/yuri/.local/bin/ninja cmTC_3f307 && [1/2] Building CXX object CMakeFiles/cmTC_3f307.dir/src.cxx.o
[2/2] Linking CXX executable cmTC_3f307
FAILED: cmTC_3f307 
: && /usr/local/bin/c++   CMakeFiles/cmTC_3f307.dir/src.cxx.o -o cmTC_3f307   && :
CMakeFiles/cmTC_3f307.dir/src.cxx.o: In function `main':
src.cxx:(.text+0x2d): undefined reference to `pthread_create'
src.cxx:(.text+0x39): undefined reference to `pthread_detach'
src.cxx:(.text+0x45): undefined reference to `pthread_cancel'
src.cxx:(.text+0x56): undefined reference to `pthread_join'
collect2: error: ld returned 1 exit status
ninja: build stopped: subcommand failed.


Source file was:
#include <pthread.h>

static void* test_func(void* data)
{
  return data;
}

int main(void)
{
  pthread_t thread;
  pthread_create(&thread, NULL, test_func, NULL);
  pthread_detach(thread);
  pthread_cancel(thread);
  pthread_join(thread, NULL);
  pthread_atfork(NULL, NULL, NULL);
  pthread_exit(NULL);

  return 0;
}

Determining if the function pthread_create exists in the pthreads failed with the following output:
Change Dir: /home/yuri/Dropbox (Weizmann Institute)/dudi/palantir/CCL_CUDA/production_CMAKE/build/CMakeFiles/CMakeTmp

Run Build Command(s):/home/yuri/.local/bin/ninja cmTC_b14cf && [1/2] Building CXX object CMakeFiles/cmTC_b14cf.dir/CheckFunctionExists.cxx.o
[2/2] Linking CXX executable cmTC_b14cf
FAILED: cmTC_b14cf 
: && /usr/local/bin/c++ -DCHECK_FUNCTION_EXISTS=pthread_create  CMakeFiles/cmTC_b14cf.dir/CheckFunctionExists.cxx.o -o cmTC_b14cf  -lpthreads && :
/usr/bin/ld: cannot find -lpthreads
collect2: error: ld returned 1 exit status
ninja: build stopped: subcommand failed.



